<?xml version="1.0" encoding="UTF-8"?>
<testng-results skipped="0" failed="0" ignored="0" total="1" passed="1">
  <reporter-output>
  </reporter-output>
  <suite name="Cucumber Automation Test Suite" duration-ms="10943" started-at="2019-09-22T10:43:37 IST" finished-at="2019-09-22T10:43:48 IST">
    <groups>
    </groups>
    <test name="Naveen" duration-ms="10943" started-at="2019-09-22T10:43:37 IST" finished-at="2019-09-22T10:43:48 IST">
      <class name="com.devops.Automation.Invoke">
        <test-method status="PASS" signature="invokeApplication()[pri:0, instance:com.devops.Automation.Invoke@52f759d7]" name="invokeApplication" duration-ms="10911" started-at="2019-09-22T10:43:37 IST" finished-at="2019-09-22T10:43:48 IST">
          <reporter-output>
          </reporter-output>
        </test-method> <!-- invokeApplication -->
      </class> <!-- com.devops.Automation.Invoke -->
    </test> <!-- Naveen -->
  </suite> <!-- Cucumber Automation Test Suite -->
</testng-results>
